{"/home/gabriel/Documents/monzo-rules/src/db/dbAdapter.js": {"path":"/home/gabriel/Documents/monzo-rules/src/db/dbAdapter.js","statementMap":{"0":{"start":{"line":2,"column":39},"end":{"line":2,"column":45}},"1":{"start":{"line":4,"column":35},"end":{"line":22,"column":1}},"2":{"start":{"line":9,"column":16},"end":{"line":9,"column":51}},"3":{"start":{"line":10,"column":15},"end":{"line":10,"column":55}},"4":{"start":{"line":11,"column":2},"end":{"line":19,"column":3}},"5":{"start":{"line":12,"column":4},"end":{"line":17,"column":7}},"6":{"start":{"line":18,"column":4},"end":{"line":18,"column":11}},"7":{"start":{"line":20,"column":2},"end":{"line":20,"column":51}},"8":{"start":{"line":21,"column":2},"end":{"line":21,"column":14}},"9":{"start":{"line":24,"column":34},"end":{"line":27,"column":1}},"10":{"start":{"line":25,"column":15},"end":{"line":25,"column":59}},"11":{"start":{"line":26,"column":2},"end":{"line":26,"column":14}},"12":{"start":{"line":29,"column":30},"end":{"line":35,"column":1}},"13":{"start":{"line":30,"column":15},"end":{"line":30,"column":55}},"14":{"start":{"line":31,"column":2},"end":{"line":33,"column":3}},"15":{"start":{"line":32,"column":4},"end":{"line":32,"column":38}},"16":{"start":{"line":34,"column":2},"end":{"line":34,"column":14}},"17":{"start":{"line":37,"column":30},"end":{"line":40,"column":1}},"18":{"start":{"line":38,"column":15},"end":{"line":38,"column":42}},"19":{"start":{"line":39,"column":2},"end":{"line":39,"column":26}},"20":{"start":{"line":42,"column":31},"end":{"line":45,"column":1}},"21":{"start":{"line":43,"column":15},"end":{"line":43,"column":49}},"22":{"start":{"line":44,"column":2},"end":{"line":44,"column":27}},"23":{"start":{"line":47,"column":28},"end":{"line":49,"column":1}},"24":{"start":{"line":48,"column":2},"end":{"line":48,"column":63}},"25":{"start":{"line":51,"column":32},"end":{"line":54,"column":1}},"26":{"start":{"line":52,"column":15},"end":{"line":52,"column":42}},"27":{"start":{"line":53,"column":2},"end":{"line":53,"column":17}},"28":{"start":{"line":56,"column":29},"end":{"line":62,"column":1}},"29":{"start":{"line":57,"column":42},"end":{"line":57,"column":53}},"30":{"start":{"line":58,"column":17},"end":{"line":60,"column":4}},"31":{"start":{"line":61,"column":2},"end":{"line":61,"column":18}},"32":{"start":{"line":64,"column":26},"end":{"line":72,"column":1}},"33":{"start":{"line":65,"column":53},"end":{"line":65,"column":64}},"34":{"start":{"line":66,"column":2},"end":{"line":71,"column":5}},"35":{"start":{"line":74,"column":31},"end":{"line":86,"column":1}},"36":{"start":{"line":75,"column":53},"end":{"line":75,"column":64}},"37":{"start":{"line":76,"column":23},"end":{"line":84,"column":4}},"38":{"start":{"line":85,"column":2},"end":{"line":85,"column":17}},"39":{"start":{"line":88,"column":23},"end":{"line":102,"column":1}},"40":{"start":{"line":89,"column":44},"end":{"line":89,"column":54}},"41":{"start":{"line":90,"column":15},"end":{"line":90,"column":59}},"42":{"start":{"line":91,"column":2},"end":{"line":101,"column":3}},"43":{"start":{"line":92,"column":4},"end":{"line":100,"column":5}},"44":{"start":{"line":92,"column":17},"end":{"line":92,"column":18}},"45":{"start":{"line":93,"column":18},"end":{"line":93,"column":27}},"46":{"start":{"line":94,"column":6},"end":{"line":98,"column":7}},"47":{"start":{"line":95,"column":8},"end":{"line":95,"column":44}},"48":{"start":{"line":96,"column":13},"end":{"line":98,"column":7}},"49":{"start":{"line":97,"column":8},"end":{"line":97,"column":42}},"50":{"start":{"line":99,"column":6},"end":{"line":99,"column":33}},"51":{"start":{"line":104,"column":27},"end":{"line":110,"column":1}},"52":{"start":{"line":105,"column":16},"end":{"line":105,"column":54}},"53":{"start":{"line":106,"column":2},"end":{"line":109,"column":5}},"54":{"start":{"line":107,"column":4},"end":{"line":107,"column":30}},"55":{"start":{"line":108,"column":4},"end":{"line":108,"column":16}}},"fnMap":{"0":{"name":"(anonymous_0)","decl":{"start":{"line":4,"column":35},"end":{"line":4,"column":36}},"loc":{"start":{"line":8,"column":6},"end":{"line":22,"column":1}},"line":8},"1":{"name":"(anonymous_1)","decl":{"start":{"line":24,"column":34},"end":{"line":24,"column":35}},"loc":{"start":{"line":24,"column":55},"end":{"line":27,"column":1}},"line":24},"2":{"name":"(anonymous_2)","decl":{"start":{"line":29,"column":30},"end":{"line":29,"column":31}},"loc":{"start":{"line":29,"column":47},"end":{"line":35,"column":1}},"line":29},"3":{"name":"(anonymous_3)","decl":{"start":{"line":37,"column":30},"end":{"line":37,"column":31}},"loc":{"start":{"line":37,"column":47},"end":{"line":40,"column":1}},"line":37},"4":{"name":"(anonymous_4)","decl":{"start":{"line":42,"column":31},"end":{"line":42,"column":32}},"loc":{"start":{"line":42,"column":53},"end":{"line":45,"column":1}},"line":42},"5":{"name":"(anonymous_5)","decl":{"start":{"line":47,"column":28},"end":{"line":47,"column":29}},"loc":{"start":{"line":47,"column":55},"end":{"line":49,"column":1}},"line":47},"6":{"name":"(anonymous_6)","decl":{"start":{"line":51,"column":32},"end":{"line":51,"column":33}},"loc":{"start":{"line":51,"column":49},"end":{"line":54,"column":1}},"line":51},"7":{"name":"(anonymous_7)","decl":{"start":{"line":56,"column":29},"end":{"line":56,"column":30}},"loc":{"start":{"line":56,"column":52},"end":{"line":62,"column":1}},"line":56},"8":{"name":"(anonymous_8)","decl":{"start":{"line":64,"column":26},"end":{"line":64,"column":27}},"loc":{"start":{"line":64,"column":49},"end":{"line":72,"column":1}},"line":64},"9":{"name":"(anonymous_9)","decl":{"start":{"line":74,"column":31},"end":{"line":74,"column":32}},"loc":{"start":{"line":74,"column":54},"end":{"line":86,"column":1}},"line":74},"10":{"name":"(anonymous_10)","decl":{"start":{"line":88,"column":23},"end":{"line":88,"column":24}},"loc":{"start":{"line":88,"column":45},"end":{"line":102,"column":1}},"line":88},"11":{"name":"(anonymous_11)","decl":{"start":{"line":104,"column":27},"end":{"line":104,"column":28}},"loc":{"start":{"line":104,"column":39},"end":{"line":110,"column":1}},"line":104},"12":{"name":"(anonymous_12)","decl":{"start":{"line":106,"column":19},"end":{"line":106,"column":20}},"loc":{"start":{"line":106,"column":29},"end":{"line":109,"column":3}},"line":106}},"branchMap":{"0":{"loc":{"start":{"line":11,"column":2},"end":{"line":19,"column":3}},"type":"if","locations":[{"start":{"line":11,"column":2},"end":{"line":19,"column":3}},{"start":{},"end":{}}],"line":11},"1":{"loc":{"start":{"line":31,"column":2},"end":{"line":33,"column":3}},"type":"if","locations":[{"start":{"line":31,"column":2},"end":{"line":33,"column":3}},{"start":{},"end":{}}],"line":31},"2":{"loc":{"start":{"line":91,"column":2},"end":{"line":101,"column":3}},"type":"if","locations":[{"start":{"line":91,"column":2},"end":{"line":101,"column":3}},{"start":{},"end":{}}],"line":91},"3":{"loc":{"start":{"line":91,"column":6},"end":{"line":91,"column":29}},"type":"binary-expr","locations":[{"start":{"line":91,"column":6},"end":{"line":91,"column":12}},{"start":{"line":91,"column":16},"end":{"line":91,"column":29}}],"line":91},"4":{"loc":{"start":{"line":94,"column":6},"end":{"line":98,"column":7}},"type":"if","locations":[{"start":{"line":94,"column":6},"end":{"line":98,"column":7}},{"start":{"line":96,"column":13},"end":{"line":98,"column":7}}],"line":94},"5":{"loc":{"start":{"line":96,"column":13},"end":{"line":98,"column":7}},"type":"if","locations":[{"start":{"line":96,"column":13},"end":{"line":98,"column":7}},{"start":{},"end":{}}],"line":96}},"s":{"0":3,"1":3,"2":0,"3":0,"4":0,"5":0,"6":0,"7":0,"8":0,"9":3,"10":10,"11":10,"12":3,"13":0,"14":0,"15":0,"16":0,"17":3,"18":0,"19":0,"20":3,"21":0,"22":0,"23":3,"24":0,"25":3,"26":0,"27":0,"28":3,"29":0,"30":0,"31":0,"32":3,"33":0,"34":0,"35":3,"36":12,"37":12,"38":12,"39":3,"40":0,"41":0,"42":0,"43":0,"44":0,"45":0,"46":0,"47":0,"48":0,"49":0,"50":0,"51":3,"52":0,"53":0,"54":0,"55":0},"f":{"0":0,"1":10,"2":0,"3":0,"4":0,"5":0,"6":0,"7":0,"8":0,"9":12,"10":0,"11":0,"12":0},"b":{"0":[0,0],"1":[0,0],"2":[0,0],"3":[0,0],"4":[0,0],"5":[0,0]},"inputSourceMap":null,"_coverageSchema":"1a1c01bbd47fc00a2c39e90264f33305004495a9","hash":"560be1dcd4d615d8503a8e2e3454826636ec0278"}
,"/home/gabriel/Documents/monzo-rules/src/db/relations.js": {"path":"/home/gabriel/Documents/monzo-rules/src/db/relations.js","statementMap":{"0":{"start":{"line":6,"column":0},"end":{"line":6,"column":68}},"1":{"start":{"line":7,"column":0},"end":{"line":7,"column":68}},"2":{"start":{"line":8,"column":0},"end":{"line":8,"column":33}},"3":{"start":{"line":9,"column":0},"end":{"line":9,"column":31}}},"fnMap":{},"branchMap":{},"s":{"0":3,"1":3,"2":3,"3":3},"f":{},"b":{},"inputSourceMap":null,"_coverageSchema":"1a1c01bbd47fc00a2c39e90264f33305004495a9","hash":"efc582b0d6957ddde46751feb33f445fad68c21a"}
,"/home/gabriel/Documents/monzo-rules/src/db/sequelize.js": {"path":"/home/gabriel/Documents/monzo-rules/src/db/sequelize.js","statementMap":{"0":{"start":{"line":4,"column":17},"end":{"line":4,"column":39}},"1":{"start":{"line":6,"column":68},"end":{"line":6,"column":76}},"2":{"start":{"line":8,"column":18},"end":{"line":21,"column":2}}},"fnMap":{},"branchMap":{},"s":{"0":3,"1":3,"2":3},"f":{},"b":{},"inputSourceMap":null,"_coverageSchema":"1a1c01bbd47fc00a2c39e90264f33305004495a9","hash":"ce832edda8cc5d1f25ad24c8c81838bed8bb9dd2"}
,"/home/gabriel/Documents/monzo-rules/src/db/models/Macro.js": {"path":"/home/gabriel/Documents/monzo-rules/src/db/models/Macro.js","statementMap":{"0":{"start":{"line":4,"column":14},"end":{"line":4,"column":29}},"1":{"start":{"line":8,"column":0},"end":{"line":21,"column":2}}},"fnMap":{},"branchMap":{},"s":{"0":3,"1":3},"f":{},"b":{},"inputSourceMap":null,"_coverageSchema":"1a1c01bbd47fc00a2c39e90264f33305004495a9","hash":"2c3bec889cccbcdbdf1f64716cb31959c1e649da"}
,"/home/gabriel/Documents/monzo-rules/src/db/models/Request.js": {"path":"/home/gabriel/Documents/monzo-rules/src/db/models/Request.js","statementMap":{"0":{"start":{"line":4,"column":14},"end":{"line":4,"column":29}},"1":{"start":{"line":8,"column":0},"end":{"line":27,"column":2}}},"fnMap":{},"branchMap":{},"s":{"0":3,"1":3},"f":{},"b":{},"inputSourceMap":null,"_coverageSchema":"1a1c01bbd47fc00a2c39e90264f33305004495a9","hash":"1147b509a66023637c5003b31102d11e72b791f7"}
,"/home/gabriel/Documents/monzo-rules/src/db/models/Rule.js": {"path":"/home/gabriel/Documents/monzo-rules/src/db/models/Rule.js","statementMap":{"0":{"start":{"line":4,"column":14},"end":{"line":4,"column":29}},"1":{"start":{"line":8,"column":0},"end":{"line":21,"column":2}}},"fnMap":{},"branchMap":{},"s":{"0":3,"1":3},"f":{},"b":{},"inputSourceMap":null,"_coverageSchema":"1a1c01bbd47fc00a2c39e90264f33305004495a9","hash":"93d661af1db23bf944b427811f6c681d90f5e07b"}
,"/home/gabriel/Documents/monzo-rules/src/db/models/User.js": {"path":"/home/gabriel/Documents/monzo-rules/src/db/models/User.js","statementMap":{"0":{"start":{"line":4,"column":14},"end":{"line":4,"column":29}},"1":{"start":{"line":8,"column":0},"end":{"line":33,"column":2}}},"fnMap":{},"branchMap":{},"s":{"0":3,"1":3},"f":{},"b":{},"inputSourceMap":null,"_coverageSchema":"1a1c01bbd47fc00a2c39e90264f33305004495a9","hash":"a2bd80c85a99c8b17240bb58bb2b1a5f9ba7ece9"}
,"/home/gabriel/Documents/monzo-rules/src/errors/axiosErrors.js": {"path":"/home/gabriel/Documents/monzo-rules/src/errors/axiosErrors.js","statementMap":{"0":{"start":{"line":1,"column":26},"end":{"line":18,"column":1}},"1":{"start":{"line":2,"column":2},"end":{"line":2,"column":24}},"2":{"start":{"line":3,"column":2},"end":{"line":17,"column":3}},"3":{"start":{"line":4,"column":4},"end":{"line":4,"column":36}},"4":{"start":{"line":6,"column":4},"end":{"line":6,"column":37}},"5":{"start":{"line":7,"column":4},"end":{"line":7,"column":39}},"6":{"start":{"line":8,"column":4},"end":{"line":8,"column":40}},"7":{"start":{"line":9,"column":9},"end":{"line":17,"column":3}},"8":{"start":{"line":10,"column":4},"end":{"line":10,"column":31}},"9":{"start":{"line":12,"column":4},"end":{"line":12,"column":31}},"10":{"start":{"line":14,"column":4},"end":{"line":14,"column":44}},"11":{"start":{"line":16,"column":4},"end":{"line":16,"column":40}}},"fnMap":{"0":{"name":"(anonymous_0)","decl":{"start":{"line":1,"column":26},"end":{"line":1,"column":27}},"loc":{"start":{"line":1,"column":37},"end":{"line":18,"column":1}},"line":1}},"branchMap":{"0":{"loc":{"start":{"line":3,"column":2},"end":{"line":17,"column":3}},"type":"if","locations":[{"start":{"line":3,"column":2},"end":{"line":17,"column":3}},{"start":{"line":9,"column":9},"end":{"line":17,"column":3}}],"line":3},"1":{"loc":{"start":{"line":9,"column":9},"end":{"line":17,"column":3}},"type":"if","locations":[{"start":{"line":9,"column":9},"end":{"line":17,"column":3}},{"start":{"line":13,"column":9},"end":{"line":17,"column":3}}],"line":9}},"s":{"0":3,"1":0,"2":0,"3":0,"4":0,"5":0,"6":0,"7":0,"8":0,"9":0,"10":0,"11":0},"f":{"0":0},"b":{"0":[0,0],"1":[0,0]},"inputSourceMap":null,"_coverageSchema":"1a1c01bbd47fc00a2c39e90264f33305004495a9","hash":"ae288a6f64adbc40e57382a5ac2e989155e1aa2a"}
,"/home/gabriel/Documents/monzo-rules/src/logging/colourLogger.js": {"path":"/home/gabriel/Documents/monzo-rules/src/logging/colourLogger.js","statementMap":{"0":{"start":{"line":3,"column":19},"end":{"line":13,"column":1}},"1":{"start":{"line":4,"column":2},"end":{"line":6,"column":3}},"2":{"start":{"line":5,"column":4},"end":{"line":5,"column":11}},"3":{"start":{"line":7,"column":2},"end":{"line":10,"column":3}},"4":{"start":{"line":8,"column":4},"end":{"line":8,"column":25}},"5":{"start":{"line":9,"column":4},"end":{"line":9,"column":11}},"6":{"start":{"line":11,"column":17},"end":{"line":11,"column":31}},"7":{"start":{"line":12,"column":2},"end":{"line":12,"column":42}},"8":{"start":{"line":15,"column":19},"end":{"line":27,"column":1}},"9":{"start":{"line":16,"column":14},"end":{"line":16,"column":30}},"10":{"start":{"line":17,"column":13},"end":{"line":17,"column":14}},"11":{"start":{"line":18,"column":2},"end":{"line":20,"column":3}},"12":{"start":{"line":18,"column":15},"end":{"line":18,"column":16}},"13":{"start":{"line":19,"column":4},"end":{"line":19,"column":52}},"14":{"start":{"line":21,"column":15},"end":{"line":21,"column":18}},"15":{"start":{"line":22,"column":2},"end":{"line":25,"column":3}},"16":{"start":{"line":22,"column":15},"end":{"line":22,"column":16}},"17":{"start":{"line":23,"column":18},"end":{"line":23,"column":42}},"18":{"start":{"line":24,"column":4},"end":{"line":24,"column":52}},"19":{"start":{"line":26,"column":2},"end":{"line":26,"column":16}}},"fnMap":{"0":{"name":"(anonymous_0)","decl":{"start":{"line":3,"column":19},"end":{"line":3,"column":20}},"loc":{"start":{"line":3,"column":36},"end":{"line":13,"column":1}},"line":3},"1":{"name":"(anonymous_1)","decl":{"start":{"line":15,"column":19},"end":{"line":15,"column":20}},"loc":{"start":{"line":15,"column":33},"end":{"line":27,"column":1}},"line":15}},"branchMap":{"0":{"loc":{"start":{"line":4,"column":2},"end":{"line":6,"column":3}},"type":"if","locations":[{"start":{"line":4,"column":2},"end":{"line":6,"column":3}},{"start":{},"end":{}}],"line":4},"1":{"loc":{"start":{"line":7,"column":2},"end":{"line":10,"column":3}},"type":"if","locations":[{"start":{"line":7,"column":2},"end":{"line":10,"column":3}},{"start":{},"end":{}}],"line":7}},"s":{"0":3,"1":0,"2":0,"3":0,"4":0,"5":0,"6":0,"7":0,"8":3,"9":0,"10":0,"11":0,"12":0,"13":0,"14":0,"15":0,"16":0,"17":0,"18":0,"19":0},"f":{"0":0,"1":0},"b":{"0":[0,0],"1":[0,0]},"inputSourceMap":null,"_coverageSchema":"1a1c01bbd47fc00a2c39e90264f33305004495a9","hash":"bbdeeca5848eaa6ab439b610fc6a799a40f2136f"}
,"/home/gabriel/Documents/monzo-rules/src/monzo/monzoApiAdapter.js": {"path":"/home/gabriel/Documents/monzo-rules/src/monzo/monzoApiAdapter.js","statementMap":{"0":{"start":{"line":1,"column":30},"end":{"line":159,"column":1}},"1":{"start":{"line":7,"column":26},"end":{"line":26,"column":3}},"2":{"start":{"line":8,"column":19},"end":{"line":8,"column":39}},"3":{"start":{"line":9,"column":23},"end":{"line":9,"column":39}},"4":{"start":{"line":10,"column":21},"end":{"line":10,"column":45}},"5":{"start":{"line":11,"column":4},"end":{"line":18,"column":5}},"6":{"start":{"line":14,"column":10},"end":{"line":14,"column":75}},"7":{"start":{"line":17,"column":6},"end":{"line":17,"column":13}},"8":{"start":{"line":19,"column":19},"end":{"line":22,"column":5}},"9":{"start":{"line":23,"column":24},"end":{"line":23,"column":44}},"10":{"start":{"line":24,"column":4},"end":{"line":24,"column":59}},"11":{"start":{"line":25,"column":4},"end":{"line":25,"column":62}},"12":{"start":{"line":28,"column":23},"end":{"line":35,"column":3}},"13":{"start":{"line":29,"column":24},"end":{"line":29,"column":44}},"14":{"start":{"line":30,"column":21},"end":{"line":32,"column":5}},"15":{"start":{"line":33,"column":4},"end":{"line":33,"column":40}},"16":{"start":{"line":34,"column":4},"end":{"line":34,"column":34}},"17":{"start":{"line":37,"column":36},"end":{"line":44,"column":3}},"18":{"start":{"line":38,"column":21},"end":{"line":38,"column":45}},"19":{"start":{"line":39,"column":24},"end":{"line":39,"column":44}},"20":{"start":{"line":40,"column":4},"end":{"line":43,"column":5}},"21":{"start":{"line":40,"column":17},"end":{"line":40,"column":18}},"22":{"start":{"line":41,"column":22},"end":{"line":41,"column":33}},"23":{"start":{"line":42,"column":6},"end":{"line":42,"column":58}},"24":{"start":{"line":46,"column":22},"end":{"line":50,"column":3}},"25":{"start":{"line":47,"column":24},"end":{"line":47,"column":44}},"26":{"start":{"line":48,"column":21},"end":{"line":48,"column":78}},"27":{"start":{"line":49,"column":4},"end":{"line":49,"column":34}},"28":{"start":{"line":52,"column":18},"end":{"line":58,"column":3}},"29":{"start":{"line":53,"column":24},"end":{"line":53,"column":44}},"30":{"start":{"line":54,"column":21},"end":{"line":56,"column":5}},"31":{"start":{"line":57,"column":4},"end":{"line":57,"column":30}},"32":{"start":{"line":60,"column":28},"end":{"line":66,"column":3}},"33":{"start":{"line":61,"column":24},"end":{"line":61,"column":44}},"34":{"start":{"line":62,"column":21},"end":{"line":64,"column":5}},"35":{"start":{"line":65,"column":4},"end":{"line":65,"column":33}},"36":{"start":{"line":68,"column":17},"end":{"line":71,"column":3}},"37":{"start":{"line":69,"column":17},"end":{"line":69,"column":36}},"38":{"start":{"line":70,"column":4},"end":{"line":70,"column":47}},"39":{"start":{"line":70,"column":28},"end":{"line":70,"column":45}},"40":{"start":{"line":73,"column":24},"end":{"line":80,"column":3}},"41":{"start":{"line":74,"column":4},"end":{"line":77,"column":5}},"42":{"start":{"line":75,"column":29},"end":{"line":75,"column":58}},"43":{"start":{"line":76,"column":6},"end":{"line":76,"column":28}},"44":{"start":{"line":78,"column":16},"end":{"line":78,"column":43}},"45":{"start":{"line":79,"column":4},"end":{"line":79,"column":23}},"46":{"start":{"line":82,"column":19},"end":{"line":85,"column":3}},"47":{"start":{"line":83,"column":16},"end":{"line":83,"column":43}},"48":{"start":{"line":84,"column":4},"end":{"line":84,"column":18}},"49":{"start":{"line":87,"column":19},"end":{"line":98,"column":3}},"50":{"start":{"line":88,"column":18},"end":{"line":88,"column":47}},"51":{"start":{"line":89,"column":22},"end":{"line":89,"column":66}},"52":{"start":{"line":90,"column":19},"end":{"line":95,"column":5}},"53":{"start":{"line":96,"column":24},"end":{"line":96,"column":44}},"54":{"start":{"line":97,"column":4},"end":{"line":97,"column":75}},"55":{"start":{"line":100,"column":18},"end":{"line":111,"column":3}},"56":{"start":{"line":101,"column":18},"end":{"line":101,"column":43}},"57":{"start":{"line":102,"column":22},"end":{"line":102,"column":66}},"58":{"start":{"line":103,"column":19},"end":{"line":108,"column":5}},"59":{"start":{"line":109,"column":24},"end":{"line":109,"column":44}},"60":{"start":{"line":110,"column":4},"end":{"line":110,"column":74}},"61":{"start":{"line":113,"column":26},"end":{"line":125,"column":3}},"62":{"start":{"line":114,"column":18},"end":{"line":114,"column":65}},"63":{"start":{"line":115,"column":19},"end":{"line":115,"column":62}},"64":{"start":{"line":116,"column":24},"end":{"line":116,"column":44}},"65":{"start":{"line":117,"column":21},"end":{"line":123,"column":6}},"66":{"start":{"line":124,"column":4},"end":{"line":124,"column":38}},"67":{"start":{"line":127,"column":17},"end":{"line":144,"column":3}},"68":{"start":{"line":133,"column":19},"end":{"line":141,"column":5}},"69":{"start":{"line":142,"column":24},"end":{"line":142,"column":44}},"70":{"start":{"line":143,"column":4},"end":{"line":143,"column":58}},"71":{"start":{"line":146,"column":2},"end":{"line":158,"column":4}}},"fnMap":{"0":{"name":"(anonymous_0)","decl":{"start":{"line":1,"column":30},"end":{"line":1,"column":31}},"loc":{"start":{"line":6,"column":6},"end":{"line":159,"column":1}},"line":6},"1":{"name":"(anonymous_1)","decl":{"start":{"line":7,"column":26},"end":{"line":7,"column":27}},"loc":{"start":{"line":7,"column":42},"end":{"line":26,"column":3}},"line":7},"2":{"name":"(anonymous_2)","decl":{"start":{"line":13,"column":8},"end":{"line":13,"column":9}},"loc":{"start":{"line":14,"column":10},"end":{"line":14,"column":75}},"line":14},"3":{"name":"(anonymous_3)","decl":{"start":{"line":28,"column":23},"end":{"line":28,"column":24}},"loc":{"start":{"line":28,"column":39},"end":{"line":35,"column":3}},"line":28},"4":{"name":"(anonymous_4)","decl":{"start":{"line":37,"column":36},"end":{"line":37,"column":37}},"loc":{"start":{"line":37,"column":52},"end":{"line":44,"column":3}},"line":37},"5":{"name":"(anonymous_5)","decl":{"start":{"line":46,"column":22},"end":{"line":46,"column":23}},"loc":{"start":{"line":46,"column":38},"end":{"line":50,"column":3}},"line":46},"6":{"name":"(anonymous_6)","decl":{"start":{"line":52,"column":18},"end":{"line":52,"column":19}},"loc":{"start":{"line":52,"column":34},"end":{"line":58,"column":3}},"line":52},"7":{"name":"(anonymous_7)","decl":{"start":{"line":60,"column":28},"end":{"line":60,"column":29}},"loc":{"start":{"line":60,"column":44},"end":{"line":66,"column":3}},"line":60},"8":{"name":"(anonymous_8)","decl":{"start":{"line":68,"column":17},"end":{"line":68,"column":18}},"loc":{"start":{"line":68,"column":42},"end":{"line":71,"column":3}},"line":68},"9":{"name":"(anonymous_9)","decl":{"start":{"line":70,"column":21},"end":{"line":70,"column":22}},"loc":{"start":{"line":70,"column":28},"end":{"line":70,"column":45}},"line":70},"10":{"name":"(anonymous_10)","decl":{"start":{"line":73,"column":24},"end":{"line":73,"column":25}},"loc":{"start":{"line":73,"column":49},"end":{"line":80,"column":3}},"line":73},"11":{"name":"(anonymous_11)","decl":{"start":{"line":82,"column":19},"end":{"line":82,"column":20}},"loc":{"start":{"line":82,"column":44},"end":{"line":85,"column":3}},"line":82},"12":{"name":"(anonymous_12)","decl":{"start":{"line":87,"column":19},"end":{"line":87,"column":20}},"loc":{"start":{"line":87,"column":56},"end":{"line":98,"column":3}},"line":87},"13":{"name":"(anonymous_13)","decl":{"start":{"line":100,"column":18},"end":{"line":100,"column":19}},"loc":{"start":{"line":100,"column":51},"end":{"line":111,"column":3}},"line":100},"14":{"name":"(anonymous_14)","decl":{"start":{"line":113,"column":26},"end":{"line":113,"column":27}},"loc":{"start":{"line":113,"column":52},"end":{"line":125,"column":3}},"line":113},"15":{"name":"(anonymous_15)","decl":{"start":{"line":127,"column":17},"end":{"line":127,"column":18}},"loc":{"start":{"line":132,"column":7},"end":{"line":144,"column":3}},"line":132}},"branchMap":{"0":{"loc":{"start":{"line":11,"column":4},"end":{"line":18,"column":5}},"type":"if","locations":[{"start":{"line":11,"column":4},"end":{"line":18,"column":5}},{"start":{},"end":{}}],"line":11},"1":{"loc":{"start":{"line":14,"column":10},"end":{"line":14,"column":75}},"type":"binary-expr","locations":[{"start":{"line":14,"column":10},"end":{"line":14,"column":46}},{"start":{"line":14,"column":50},"end":{"line":14,"column":75}}],"line":14},"2":{"loc":{"start":{"line":74,"column":4},"end":{"line":77,"column":5}},"type":"if","locations":[{"start":{"line":74,"column":4},"end":{"line":77,"column":5}},{"start":{},"end":{}}],"line":74},"3":{"loc":{"start":{"line":89,"column":22},"end":{"line":89,"column":66}},"type":"binary-expr","locations":[{"start":{"line":89,"column":22},"end":{"line":89,"column":24}},{"start":{"line":89,"column":28},"end":{"line":89,"column":66}}],"line":89},"4":{"loc":{"start":{"line":102,"column":22},"end":{"line":102,"column":66}},"type":"binary-expr","locations":[{"start":{"line":102,"column":22},"end":{"line":102,"column":24}},{"start":{"line":102,"column":28},"end":{"line":102,"column":66}}],"line":102},"5":{"loc":{"start":{"line":114,"column":18},"end":{"line":114,"column":65}},"type":"cond-expr","locations":[{"start":{"line":114,"column":25},"end":{"line":114,"column":53}},{"start":{"line":114,"column":56},"end":{"line":114,"column":65}}],"line":114},"6":{"loc":{"start":{"line":115,"column":19},"end":{"line":115,"column":62}},"type":"cond-expr","locations":[{"start":{"line":115,"column":24},"end":{"line":115,"column":50}},{"start":{"line":115,"column":53},"end":{"line":115,"column":62}}],"line":115},"7":{"loc":{"start":{"line":131,"column":4},"end":{"line":131,"column":92}},"type":"default-arg","locations":[{"start":{"line":131,"column":16},"end":{"line":131,"column":92}}],"line":131}},"s":{"0":3,"1":3,"2":0,"3":0,"4":0,"5":0,"6":0,"7":0,"8":0,"9":0,"10":0,"11":0,"12":3,"13":0,"14":0,"15":0,"16":0,"17":3,"18":0,"19":0,"20":0,"21":0,"22":0,"23":0,"24":3,"25":0,"26":0,"27":0,"28":3,"29":0,"30":0,"31":0,"32":3,"33":0,"34":0,"35":0,"36":3,"37":0,"38":0,"39":0,"40":3,"41":0,"42":0,"43":0,"44":0,"45":0,"46":3,"47":0,"48":0,"49":3,"50":0,"51":0,"52":0,"53":0,"54":0,"55":3,"56":0,"57":0,"58":0,"59":0,"60":0,"61":3,"62":0,"63":0,"64":0,"65":0,"66":0,"67":3,"68":0,"69":0,"70":0,"71":3},"f":{"0":3,"1":0,"2":0,"3":0,"4":0,"5":0,"6":0,"7":0,"8":0,"9":0,"10":0,"11":0,"12":0,"13":0,"14":0,"15":0},"b":{"0":[0,0],"1":[0,0],"2":[0,0],"3":[0,0],"4":[0,0],"5":[0,0],"6":[0,0],"7":[0]},"inputSourceMap":null,"_coverageSchema":"1a1c01bbd47fc00a2c39e90264f33305004495a9","hash":"f6a206aefbcf02bc00d980d1aac6ba6d47abc77e"}
,"/home/gabriel/Documents/monzo-rules/src/useCases/handleWebhook/webhookHandler.js": {"path":"/home/gabriel/Documents/monzo-rules/src/useCases/handleWebhook/webhookHandler.js","statementMap":{"0":{"start":{"line":1,"column":29},"end":{"line":37,"column":1}},"1":{"start":{"line":2,"column":23},"end":{"line":5,"column":3}},"2":{"start":{"line":3,"column":20},"end":{"line":3,"column":57}},"3":{"start":{"line":4,"column":4},"end":{"line":4,"column":19}},"4":{"start":{"line":7,"column":28},"end":{"line":10,"column":3}},"5":{"start":{"line":8,"column":4},"end":{"line":8,"column":75}},"6":{"start":{"line":9,"column":4},"end":{"line":9,"column":42}},"7":{"start":{"line":12,"column":33},"end":{"line":16,"column":3}},"8":{"start":{"line":13,"column":24},"end":{"line":13,"column":37}},"9":{"start":{"line":14,"column":4},"end":{"line":14,"column":41}},"10":{"start":{"line":15,"column":4},"end":{"line":15,"column":23}},"11":{"start":{"line":18,"column":21},"end":{"line":24,"column":3}},"12":{"start":{"line":19,"column":42},"end":{"line":19,"column":53}},"13":{"start":{"line":20,"column":4},"end":{"line":23,"column":6}},"14":{"start":{"line":26,"column":24},"end":{"line":34,"column":3}},"15":{"start":{"line":27,"column":24},"end":{"line":27,"column":51}},"16":{"start":{"line":28,"column":23},"end":{"line":28,"column":54}},"17":{"start":{"line":29,"column":4},"end":{"line":29,"column":40}},"18":{"start":{"line":30,"column":4},"end":{"line":32,"column":5}},"19":{"start":{"line":31,"column":6},"end":{"line":31,"column":43}},"20":{"start":{"line":33,"column":4},"end":{"line":33,"column":27}},"21":{"start":{"line":36,"column":2},"end":{"line":36,"column":23}}},"fnMap":{"0":{"name":"(anonymous_0)","decl":{"start":{"line":1,"column":29},"end":{"line":1,"column":30}},"loc":{"start":{"line":1,"column":69},"end":{"line":37,"column":1}},"line":1},"1":{"name":"(anonymous_1)","decl":{"start":{"line":2,"column":23},"end":{"line":2,"column":24}},"loc":{"start":{"line":2,"column":46},"end":{"line":5,"column":3}},"line":2},"2":{"name":"(anonymous_2)","decl":{"start":{"line":7,"column":28},"end":{"line":7,"column":29}},"loc":{"start":{"line":7,"column":51},"end":{"line":10,"column":3}},"line":7},"3":{"name":"(anonymous_3)","decl":{"start":{"line":12,"column":33},"end":{"line":12,"column":34}},"loc":{"start":{"line":12,"column":42},"end":{"line":16,"column":3}},"line":12},"4":{"name":"(anonymous_4)","decl":{"start":{"line":18,"column":21},"end":{"line":18,"column":22}},"loc":{"start":{"line":18,"column":50},"end":{"line":24,"column":3}},"line":18},"5":{"name":"(anonymous_5)","decl":{"start":{"line":26,"column":24},"end":{"line":26,"column":25}},"loc":{"start":{"line":26,"column":44},"end":{"line":34,"column":3}},"line":26}},"branchMap":{"0":{"loc":{"start":{"line":21,"column":9},"end":{"line":21,"column":43}},"type":"cond-expr","locations":[{"start":{"line":21,"column":22},"end":{"line":21,"column":32}},{"start":{"line":21,"column":35},"end":{"line":21,"column":43}}],"line":21},"1":{"loc":{"start":{"line":30,"column":4},"end":{"line":32,"column":5}},"type":"if","locations":[{"start":{"line":30,"column":4},"end":{"line":32,"column":5}},{"start":{},"end":{}}],"line":30}},"s":{"0":3,"1":3,"2":22,"3":22,"4":3,"5":14,"6":14,"7":3,"8":22,"9":22,"10":22,"11":3,"12":22,"13":22,"14":3,"15":22,"16":22,"17":22,"18":22,"19":14,"20":22,"21":3},"f":{"0":3,"1":22,"2":14,"3":22,"4":22,"5":22},"b":{"0":[14,8],"1":[14,8]},"inputSourceMap":null,"_coverageSchema":"1a1c01bbd47fc00a2c39e90264f33305004495a9","hash":"97264ed07575bd24de30682464c38acae5cb9465"}
,"/home/gabriel/Documents/monzo-rules/src/useCases/handleWebhook/processTransaction/filterEvaluatingFunctions.js": {"path":"/home/gabriel/Documents/monzo-rules/src/useCases/handleWebhook/processTransaction/filterEvaluatingFunctions.js","statementMap":{"0":{"start":{"line":1,"column":32},"end":{"line":7,"column":1}},"1":{"start":{"line":2,"column":24},"end":{"line":2,"column":30}},"2":{"start":{"line":3,"column":21},"end":{"line":3,"column":32}},"3":{"start":{"line":4,"column":25},"end":{"line":4,"column":42}},"4":{"start":{"line":5,"column":30},"end":{"line":5,"column":41}},"5":{"start":{"line":6,"column":2},"end":{"line":6,"column":47}},"6":{"start":{"line":9,"column":29},"end":{"line":24,"column":1}},"7":{"start":{"line":10,"column":26},"end":{"line":10,"column":32}},"8":{"start":{"line":11,"column":21},"end":{"line":11,"column":32}},"9":{"start":{"line":12,"column":2},"end":{"line":23,"column":3}},"10":{"start":{"line":14,"column":6},"end":{"line":14,"column":39}},"11":{"start":{"line":16,"column":6},"end":{"line":16,"column":38}},"12":{"start":{"line":18,"column":6},"end":{"line":18,"column":39}},"13":{"start":{"line":20,"column":6},"end":{"line":20,"column":38}},"14":{"start":{"line":22,"column":6},"end":{"line":22,"column":39}},"15":{"start":{"line":26,"column":27},"end":{"line":31,"column":1}},"16":{"start":{"line":27,"column":46},"end":{"line":27,"column":52}},"17":{"start":{"line":28,"column":16},"end":{"line":28,"column":56}},"18":{"start":{"line":29,"column":16},"end":{"line":29,"column":44}},"19":{"start":{"line":30,"column":2},"end":{"line":30,"column":27}},"20":{"start":{"line":33,"column":31},"end":{"line":39,"column":1}},"21":{"start":{"line":34,"column":19},"end":{"line":34,"column":25}},"22":{"start":{"line":35,"column":2},"end":{"line":37,"column":3}},"23":{"start":{"line":36,"column":4},"end":{"line":36,"column":16}},"24":{"start":{"line":38,"column":2},"end":{"line":38,"column":55}},"25":{"start":{"line":41,"column":17},"end":{"line":55,"column":1}},"26":{"start":{"line":42,"column":2},"end":{"line":44,"column":3}},"27":{"start":{"line":43,"column":4},"end":{"line":43,"column":30}},"28":{"start":{"line":45,"column":15},"end":{"line":45,"column":31}},"29":{"start":{"line":46,"column":20},"end":{"line":46,"column":31}},"30":{"start":{"line":47,"column":2},"end":{"line":53,"column":3}},"31":{"start":{"line":48,"column":4},"end":{"line":50,"column":7}},"32":{"start":{"line":49,"column":6},"end":{"line":49,"column":38}},"33":{"start":{"line":52,"column":4},"end":{"line":52,"column":28}},"34":{"start":{"line":54,"column":2},"end":{"line":54,"column":21}},"35":{"start":{"line":57,"column":23},"end":{"line":68,"column":1}},"36":{"start":{"line":58,"column":2},"end":{"line":67,"column":3}},"37":{"start":{"line":59,"column":4},"end":{"line":62,"column":6}},"38":{"start":{"line":64,"column":4},"end":{"line":66,"column":6}},"39":{"start":{"line":70,"column":19},"end":{"line":78,"column":1}},"40":{"start":{"line":71,"column":2},"end":{"line":77,"column":4}},"41":{"start":{"line":80,"column":28},"end":{"line":85,"column":1}}},"fnMap":{"0":{"name":"(anonymous_0)","decl":{"start":{"line":1,"column":32},"end":{"line":1,"column":33}},"loc":{"start":{"line":1,"column":57},"end":{"line":7,"column":1}},"line":1},"1":{"name":"(anonymous_1)","decl":{"start":{"line":9,"column":29},"end":{"line":9,"column":30}},"loc":{"start":{"line":9,"column":54},"end":{"line":24,"column":1}},"line":9},"2":{"name":"(anonymous_2)","decl":{"start":{"line":26,"column":27},"end":{"line":26,"column":28}},"loc":{"start":{"line":26,"column":52},"end":{"line":31,"column":1}},"line":26},"3":{"name":"(anonymous_3)","decl":{"start":{"line":33,"column":31},"end":{"line":33,"column":32}},"loc":{"start":{"line":33,"column":56},"end":{"line":39,"column":1}},"line":33},"4":{"name":"(anonymous_4)","decl":{"start":{"line":41,"column":17},"end":{"line":41,"column":18}},"loc":{"start":{"line":41,"column":41},"end":{"line":55,"column":1}},"line":41},"5":{"name":"(anonymous_5)","decl":{"start":{"line":48,"column":17},"end":{"line":48,"column":18}},"loc":{"start":{"line":48,"column":27},"end":{"line":50,"column":5}},"line":48},"6":{"name":"(anonymous_6)","decl":{"start":{"line":57,"column":23},"end":{"line":57,"column":24}},"loc":{"start":{"line":57,"column":49},"end":{"line":68,"column":1}},"line":57},"7":{"name":"(anonymous_7)","decl":{"start":{"line":70,"column":19},"end":{"line":70,"column":20}},"loc":{"start":{"line":70,"column":39},"end":{"line":78,"column":1}},"line":70}},"branchMap":{"0":{"loc":{"start":{"line":12,"column":2},"end":{"line":23,"column":3}},"type":"switch","locations":[{"start":{"line":13,"column":4},"end":{"line":14,"column":39}},{"start":{"line":15,"column":4},"end":{"line":16,"column":38}},{"start":{"line":17,"column":4},"end":{"line":18,"column":39}},{"start":{"line":19,"column":4},"end":{"line":20,"column":38}},{"start":{"line":21,"column":4},"end":{"line":22,"column":39}}],"line":12},"1":{"loc":{"start":{"line":35,"column":2},"end":{"line":37,"column":3}},"type":"if","locations":[{"start":{"line":35,"column":2},"end":{"line":37,"column":3}},{"start":{},"end":{}}],"line":35},"2":{"loc":{"start":{"line":42,"column":2},"end":{"line":44,"column":3}},"type":"if","locations":[{"start":{"line":42,"column":2},"end":{"line":44,"column":3}},{"start":{},"end":{}}],"line":42},"3":{"loc":{"start":{"line":58,"column":2},"end":{"line":67,"column":3}},"type":"if","locations":[{"start":{"line":58,"column":2},"end":{"line":67,"column":3}},{"start":{"line":63,"column":9},"end":{"line":67,"column":3}}],"line":58},"4":{"loc":{"start":{"line":73,"column":43},"end":{"line":73,"column":58}},"type":"binary-expr","locations":[{"start":{"line":73,"column":43},"end":{"line":73,"column":52}},{"start":{"line":73,"column":56},"end":{"line":73,"column":58}}],"line":73}},"s":{"0":3,"1":0,"2":0,"3":0,"4":0,"5":0,"6":3,"7":0,"8":0,"9":0,"10":0,"11":0,"12":0,"13":0,"14":0,"15":3,"16":0,"17":0,"18":0,"19":0,"20":3,"21":0,"22":0,"23":0,"24":0,"25":3,"26":0,"27":0,"28":0,"29":0,"30":0,"31":0,"32":0,"33":0,"34":0,"35":3,"36":0,"37":0,"38":0,"39":3,"40":0,"41":3},"f":{"0":0,"1":0,"2":0,"3":0,"4":0,"5":0,"6":0,"7":0},"b":{"0":[0,0,0,0,0],"1":[0,0],"2":[0,0],"3":[0,0],"4":[0,0]},"inputSourceMap":null,"_coverageSchema":"1a1c01bbd47fc00a2c39e90264f33305004495a9","hash":"64ac380f066a850f3a7d1963d218f1bb66206669"}
,"/home/gabriel/Documents/monzo-rules/src/useCases/handleWebhook/processTransaction/processTransaction.js": {"path":"/home/gabriel/Documents/monzo-rules/src/useCases/handleWebhook/processTransaction/processTransaction.js","statementMap":{"0":{"start":{"line":1,"column":33},"end":{"line":53,"column":1}},"1":{"start":{"line":7,"column":29},"end":{"line":10,"column":3}},"2":{"start":{"line":8,"column":18},"end":{"line":8,"column":40}},"3":{"start":{"line":9,"column":4},"end":{"line":9,"column":47}},"4":{"start":{"line":12,"column":33},"end":{"line":23,"column":3}},"5":{"start":{"line":13,"column":4},"end":{"line":22,"column":5}},"6":{"start":{"line":14,"column":25},"end":{"line":16,"column":7}},"7":{"start":{"line":15,"column":15},"end":{"line":15,"column":52}},"8":{"start":{"line":17,"column":6},"end":{"line":19,"column":7}},"9":{"start":{"line":18,"column":8},"end":{"line":18,"column":17}},"10":{"start":{"line":20,"column":6},"end":{"line":20,"column":53}},"11":{"start":{"line":21,"column":6},"end":{"line":21,"column":48}},"12":{"start":{"line":25,"column":38},"end":{"line":30,"column":3}},"13":{"start":{"line":26,"column":4},"end":{"line":29,"column":6}},"14":{"start":{"line":32,"column":32},"end":{"line":37,"column":3}},"15":{"start":{"line":33,"column":20},"end":{"line":33,"column":32}},"16":{"start":{"line":34,"column":4},"end":{"line":34,"column":48}},"17":{"start":{"line":35,"column":23},"end":{"line":35,"column":79}},"18":{"start":{"line":36,"column":4},"end":{"line":36,"column":22}},"19":{"start":{"line":39,"column":39},"end":{"line":43,"column":3}},"20":{"start":{"line":39,"column":56},"end":{"line":43,"column":3}},"21":{"start":{"line":40,"column":21},"end":{"line":40,"column":53}},"22":{"start":{"line":41,"column":19},"end":{"line":41,"column":48}},"23":{"start":{"line":42,"column":4},"end":{"line":42,"column":18}},"24":{"start":{"line":45,"column":45},"end":{"line":50,"column":3}},"25":{"start":{"line":46,"column":27},"end":{"line":46,"column":64}},"26":{"start":{"line":46,"column":47},"end":{"line":46,"column":63}},"27":{"start":{"line":47,"column":4},"end":{"line":49,"column":5}},"28":{"start":{"line":48,"column":6},"end":{"line":48,"column":57}},"29":{"start":{"line":52,"column":2},"end":{"line":52,"column":28}}},"fnMap":{"0":{"name":"(anonymous_0)","decl":{"start":{"line":1,"column":33},"end":{"line":1,"column":34}},"loc":{"start":{"line":6,"column":6},"end":{"line":53,"column":1}},"line":6},"1":{"name":"(anonymous_1)","decl":{"start":{"line":7,"column":29},"end":{"line":7,"column":30}},"loc":{"start":{"line":7,"column":52},"end":{"line":10,"column":3}},"line":7},"2":{"name":"(anonymous_2)","decl":{"start":{"line":12,"column":33},"end":{"line":12,"column":34}},"loc":{"start":{"line":12,"column":63},"end":{"line":23,"column":3}},"line":12},"3":{"name":"(anonymous_3)","decl":{"start":{"line":15,"column":8},"end":{"line":15,"column":9}},"loc":{"start":{"line":15,"column":15},"end":{"line":15,"column":52}},"line":15},"4":{"name":"(anonymous_4)","decl":{"start":{"line":25,"column":38},"end":{"line":25,"column":39}},"loc":{"start":{"line":25,"column":61},"end":{"line":30,"column":3}},"line":25},"5":{"name":"(anonymous_5)","decl":{"start":{"line":32,"column":32},"end":{"line":32,"column":33}},"loc":{"start":{"line":32,"column":61},"end":{"line":37,"column":3}},"line":32},"6":{"name":"(anonymous_6)","decl":{"start":{"line":39,"column":39},"end":{"line":39,"column":40}},"loc":{"start":{"line":39,"column":56},"end":{"line":43,"column":3}},"line":39},"7":{"name":"(anonymous_7)","decl":{"start":{"line":39,"column":56},"end":{"line":39,"column":57}},"loc":{"start":{"line":39,"column":68},"end":{"line":43,"column":3}},"line":39},"8":{"name":"(anonymous_8)","decl":{"start":{"line":45,"column":45},"end":{"line":45,"column":46}},"loc":{"start":{"line":45,"column":58},"end":{"line":50,"column":3}},"line":45},"9":{"name":"(anonymous_9)","decl":{"start":{"line":46,"column":40},"end":{"line":46,"column":41}},"loc":{"start":{"line":46,"column":47},"end":{"line":46,"column":63}},"line":46}},"branchMap":{"0":{"loc":{"start":{"line":17,"column":6},"end":{"line":19,"column":7}},"type":"if","locations":[{"start":{"line":17,"column":6},"end":{"line":19,"column":7}},{"start":{},"end":{}}],"line":17},"1":{"loc":{"start":{"line":47,"column":4},"end":{"line":49,"column":5}},"type":"if","locations":[{"start":{"line":47,"column":4},"end":{"line":49,"column":5}},{"start":{},"end":{}}],"line":47}},"s":{"0":3,"1":1,"2":16,"3":16,"4":1,"5":16,"6":18,"7":1,"8":18,"9":11,"10":7,"11":7,"12":1,"13":7,"14":1,"15":18,"16":18,"17":18,"18":17,"19":1,"20":18,"21":34,"22":34,"23":33,"24":1,"25":18,"26":23,"27":18,"28":15,"29":1},"f":{"0":1,"1":16,"2":16,"3":1,"4":7,"5":18,"6":18,"7":34,"8":18,"9":23},"b":{"0":[11,7],"1":[15,3]},"inputSourceMap":null,"_coverageSchema":"1a1c01bbd47fc00a2c39e90264f33305004495a9","hash":"2be3ebf2e7300b8b09d868aed4bd3176fe5202b4"}
,"/home/gabriel/Documents/monzo-rules/src/useCases/handleWebhook/processTransaction/runMacros/runMacros.js": {"path":"/home/gabriel/Documents/monzo-rules/src/useCases/handleWebhook/processTransaction/runMacros/runMacros.js","statementMap":{"0":{"start":{"line":1,"column":24},"end":{"line":38,"column":1}},"1":{"start":{"line":2,"column":20},"end":{"line":10,"column":3}},"2":{"start":{"line":3,"column":4},"end":{"line":5,"column":5}},"3":{"start":{"line":4,"column":6},"end":{"line":4,"column":13}},"4":{"start":{"line":6,"column":4},"end":{"line":9,"column":5}},"5":{"start":{"line":6,"column":17},"end":{"line":6,"column":18}},"6":{"start":{"line":7,"column":20},"end":{"line":7,"column":29}},"7":{"start":{"line":8,"column":6},"end":{"line":8,"column":41}},"8":{"start":{"line":12,"column":19},"end":{"line":24,"column":3}},"9":{"start":{"line":13,"column":4},"end":{"line":15,"column":5}},"10":{"start":{"line":14,"column":6},"end":{"line":14,"column":13}},"11":{"start":{"line":16,"column":18},"end":{"line":16,"column":34}},"12":{"start":{"line":17,"column":22},"end":{"line":22,"column":5}},"13":{"start":{"line":23,"column":4},"end":{"line":23,"column":44}},"14":{"start":{"line":26,"column":26},"end":{"line":35,"column":3}},"15":{"start":{"line":27,"column":17},"end":{"line":27,"column":30}},"16":{"start":{"line":28,"column":19},"end":{"line":28,"column":37}},"17":{"start":{"line":29,"column":25},"end":{"line":29,"column":54}},"18":{"start":{"line":30,"column":4},"end":{"line":34,"column":5}},"19":{"start":{"line":31,"column":6},"end":{"line":31,"column":49}},"20":{"start":{"line":33,"column":6},"end":{"line":33,"column":70}},"21":{"start":{"line":37,"column":2},"end":{"line":37,"column":19}}},"fnMap":{"0":{"name":"(anonymous_0)","decl":{"start":{"line":1,"column":24},"end":{"line":1,"column":25}},"loc":{"start":{"line":1,"column":45},"end":{"line":38,"column":1}},"line":1},"1":{"name":"(anonymous_1)","decl":{"start":{"line":2,"column":20},"end":{"line":2,"column":21}},"loc":{"start":{"line":2,"column":51},"end":{"line":10,"column":3}},"line":2},"2":{"name":"(anonymous_2)","decl":{"start":{"line":12,"column":19},"end":{"line":12,"column":20}},"loc":{"start":{"line":12,"column":49},"end":{"line":24,"column":3}},"line":12},"3":{"name":"(anonymous_3)","decl":{"start":{"line":26,"column":26},"end":{"line":26,"column":27}},"loc":{"start":{"line":26,"column":54},"end":{"line":35,"column":3}},"line":26}},"branchMap":{"0":{"loc":{"start":{"line":3,"column":4},"end":{"line":5,"column":5}},"type":"if","locations":[{"start":{"line":3,"column":4},"end":{"line":5,"column":5}},{"start":{},"end":{}}],"line":3},"1":{"loc":{"start":{"line":3,"column":8},"end":{"line":3,"column":33}},"type":"binary-expr","locations":[{"start":{"line":3,"column":8},"end":{"line":3,"column":15}},{"start":{"line":3,"column":19},"end":{"line":3,"column":33}}],"line":3},"2":{"loc":{"start":{"line":13,"column":4},"end":{"line":15,"column":5}},"type":"if","locations":[{"start":{"line":13,"column":4},"end":{"line":15,"column":5}},{"start":{},"end":{}}],"line":13},"3":{"loc":{"start":{"line":13,"column":8},"end":{"line":13,"column":43}},"type":"binary-expr","locations":[{"start":{"line":13,"column":8},"end":{"line":13,"column":20}},{"start":{"line":13,"column":24},"end":{"line":13,"column":43}}],"line":13},"4":{"loc":{"start":{"line":30,"column":4},"end":{"line":34,"column":5}},"type":"if","locations":[{"start":{"line":30,"column":4},"end":{"line":34,"column":5}},{"start":{"line":32,"column":11},"end":{"line":34,"column":5}}],"line":30}},"s":{"0":3,"1":2,"2":0,"3":0,"4":0,"5":0,"6":0,"7":0,"8":2,"9":0,"10":0,"11":0,"12":0,"13":0,"14":2,"15":0,"16":0,"17":0,"18":0,"19":0,"20":0,"21":2},"f":{"0":2,"1":0,"2":0,"3":0},"b":{"0":[0,0],"1":[0,0],"2":[0,0],"3":[0,0],"4":[0,0]},"inputSourceMap":null,"_coverageSchema":"1a1c01bbd47fc00a2c39e90264f33305004495a9","hash":"cafe71c6ab2850e39a891cdc1dfa65a9d08c7a56"}
,"/home/gabriel/Documents/monzo-rules/src/useCases/handleWebhook/processTransaction/runMacros/taskWorkers.js": {"path":"/home/gabriel/Documents/monzo-rules/src/useCases/handleWebhook/processTransaction/runMacros/taskWorkers.js","statementMap":{"0":{"start":{"line":1,"column":22},"end":{"line":74,"column":1}},"1":{"start":{"line":2,"column":24},"end":{"line":7,"column":3}},"2":{"start":{"line":3,"column":30},"end":{"line":3,"column":34}},"3":{"start":{"line":4,"column":20},"end":{"line":4,"column":66}},"4":{"start":{"line":5,"column":4},"end":{"line":5,"column":34}},"5":{"start":{"line":6,"column":4},"end":{"line":6,"column":21}},"6":{"start":{"line":9,"column":24},"end":{"line":22,"column":3}},"7":{"start":{"line":10,"column":28},"end":{"line":10,"column":32}},"8":{"start":{"line":11,"column":24},"end":{"line":11,"column":66}},"9":{"start":{"line":12,"column":4},"end":{"line":14,"column":5}},"10":{"start":{"line":13,"column":6},"end":{"line":13,"column":54}},"11":{"start":{"line":15,"column":4},"end":{"line":20,"column":6}},"12":{"start":{"line":21,"column":4},"end":{"line":21,"column":21}},"13":{"start":{"line":24,"column":25},"end":{"line":37,"column":3}},"14":{"start":{"line":25,"column":28},"end":{"line":25,"column":32}},"15":{"start":{"line":26,"column":24},"end":{"line":26,"column":66}},"16":{"start":{"line":27,"column":4},"end":{"line":29,"column":5}},"17":{"start":{"line":28,"column":6},"end":{"line":28,"column":54}},"18":{"start":{"line":30,"column":4},"end":{"line":35,"column":6}},"19":{"start":{"line":36,"column":4},"end":{"line":36,"column":21}},"20":{"start":{"line":39,"column":23},"end":{"line":43,"column":3}},"21":{"start":{"line":40,"column":33},"end":{"line":40,"column":37}},"22":{"start":{"line":41,"column":4},"end":{"line":41,"column":57}},"23":{"start":{"line":42,"column":4},"end":{"line":42,"column":21}},"24":{"start":{"line":45,"column":21},"end":{"line":52,"column":3}},"25":{"start":{"line":46,"column":46},"end":{"line":46,"column":50}},"26":{"start":{"line":47,"column":26},"end":{"line":49,"column":5}},"27":{"start":{"line":48,"column":6},"end":{"line":48,"column":39}},"28":{"start":{"line":50,"column":4},"end":{"line":50,"column":59}},"29":{"start":{"line":51,"column":4},"end":{"line":51,"column":21}},"30":{"start":{"line":54,"column":17},"end":{"line":65,"column":3}},"31":{"start":{"line":55,"column":4},"end":{"line":64,"column":5}},"32":{"start":{"line":57,"column":8},"end":{"line":57,"column":57}},"33":{"start":{"line":57,"column":44},"end":{"line":57,"column":52}},"34":{"start":{"line":59,"column":8},"end":{"line":59,"column":41}},"35":{"start":{"line":61,"column":8},"end":{"line":61,"column":59}},"36":{"start":{"line":61,"column":45},"end":{"line":61,"column":54}},"37":{"start":{"line":63,"column":8},"end":{"line":63,"column":53}},"38":{"start":{"line":67,"column":2},"end":{"line":73,"column":4}}},"fnMap":{"0":{"name":"(anonymous_0)","decl":{"start":{"line":1,"column":22},"end":{"line":1,"column":23}},"loc":{"start":{"line":1,"column":33},"end":{"line":74,"column":1}},"line":1},"1":{"name":"(anonymous_1)","decl":{"start":{"line":2,"column":24},"end":{"line":2,"column":25}},"loc":{"start":{"line":2,"column":51},"end":{"line":7,"column":3}},"line":2},"2":{"name":"(anonymous_2)","decl":{"start":{"line":9,"column":24},"end":{"line":9,"column":25}},"loc":{"start":{"line":9,"column":51},"end":{"line":22,"column":3}},"line":9},"3":{"name":"(anonymous_3)","decl":{"start":{"line":24,"column":25},"end":{"line":24,"column":26}},"loc":{"start":{"line":24,"column":52},"end":{"line":37,"column":3}},"line":24},"4":{"name":"(anonymous_4)","decl":{"start":{"line":39,"column":23},"end":{"line":39,"column":24}},"loc":{"start":{"line":39,"column":50},"end":{"line":43,"column":3}},"line":39},"5":{"name":"(anonymous_5)","decl":{"start":{"line":45,"column":21},"end":{"line":45,"column":22}},"loc":{"start":{"line":45,"column":42},"end":{"line":52,"column":3}},"line":45},"6":{"name":"(anonymous_6)","decl":{"start":{"line":47,"column":39},"end":{"line":47,"column":40}},"loc":{"start":{"line":48,"column":6},"end":{"line":48,"column":39}},"line":48},"7":{"name":"(anonymous_7)","decl":{"start":{"line":54,"column":17},"end":{"line":54,"column":18}},"loc":{"start":{"line":54,"column":42},"end":{"line":65,"column":3}},"line":54},"8":{"name":"(anonymous_8)","decl":{"start":{"line":57,"column":31},"end":{"line":57,"column":32}},"loc":{"start":{"line":57,"column":44},"end":{"line":57,"column":52}},"line":57},"9":{"name":"(anonymous_9)","decl":{"start":{"line":61,"column":31},"end":{"line":61,"column":32}},"loc":{"start":{"line":61,"column":45},"end":{"line":61,"column":54}},"line":61}},"branchMap":{"0":{"loc":{"start":{"line":11,"column":24},"end":{"line":11,"column":66}},"type":"cond-expr","locations":[{"start":{"line":11,"column":40},"end":{"line":11,"column":57}},{"start":{"line":11,"column":60},"end":{"line":11,"column":66}}],"line":11},"1":{"loc":{"start":{"line":12,"column":4},"end":{"line":14,"column":5}},"type":"if","locations":[{"start":{"line":12,"column":4},"end":{"line":14,"column":5}},{"start":{},"end":{}}],"line":12},"2":{"loc":{"start":{"line":26,"column":24},"end":{"line":26,"column":66}},"type":"cond-expr","locations":[{"start":{"line":26,"column":40},"end":{"line":26,"column":57}},{"start":{"line":26,"column":60},"end":{"line":26,"column":66}}],"line":26},"3":{"loc":{"start":{"line":27,"column":4},"end":{"line":29,"column":5}},"type":"if","locations":[{"start":{"line":27,"column":4},"end":{"line":29,"column":5}},{"start":{},"end":{}}],"line":27},"4":{"loc":{"start":{"line":48,"column":6},"end":{"line":48,"column":39}},"type":"cond-expr","locations":[{"start":{"line":48,"column":19},"end":{"line":48,"column":33}},{"start":{"line":48,"column":36},"end":{"line":48,"column":39}}],"line":48},"5":{"loc":{"start":{"line":55,"column":4},"end":{"line":64,"column":5}},"type":"switch","locations":[{"start":{"line":56,"column":6},"end":{"line":57,"column":57}},{"start":{"line":58,"column":6},"end":{"line":59,"column":41}},{"start":{"line":60,"column":6},"end":{"line":61,"column":59}},{"start":{"line":62,"column":6},"end":{"line":63,"column":53}}],"line":55}},"s":{"0":3,"1":3,"2":0,"3":0,"4":0,"5":0,"6":3,"7":0,"8":0,"9":0,"10":0,"11":0,"12":0,"13":3,"14":0,"15":0,"16":0,"17":0,"18":0,"19":0,"20":3,"21":0,"22":0,"23":0,"24":3,"25":0,"26":0,"27":0,"28":0,"29":0,"30":3,"31":0,"32":0,"33":0,"34":0,"35":0,"36":0,"37":0,"38":3},"f":{"0":3,"1":0,"2":0,"3":0,"4":0,"5":0,"6":0,"7":0,"8":0,"9":0},"b":{"0":[0,0],"1":[0,0],"2":[0,0],"3":[0,0],"4":[0,0],"5":[0,0,0,0]},"inputSourceMap":null,"_coverageSchema":"1a1c01bbd47fc00a2c39e90264f33305004495a9","hash":"7123d83807b72f0a740d9ec47e68affbce47958f"}
,"/home/gabriel/Documents/monzo-rules/test/mockTransaction.js": {"path":"/home/gabriel/Documents/monzo-rules/test/mockTransaction.js","statementMap":{"0":{"start":{"line":1,"column":24},"end":{"line":47,"column":1}}},"fnMap":{},"branchMap":{},"s":{"0":1},"f":{},"b":{},"inputSourceMap":null,"_coverageSchema":"1a1c01bbd47fc00a2c39e90264f33305004495a9","hash":"241201311b7399058c0f378fe3e4fb7d12fbdb26"}
,"/home/gabriel/Documents/monzo-rules/test/mockWebhookComposer.js": {"path":"/home/gabriel/Documents/monzo-rules/test/mockWebhookComposer.js","statementMap":{"0":{"start":{"line":16,"column":33},"end":{"line":72,"column":1}},"1":{"start":{"line":31,"column":34},"end":{"line":38,"column":3}},"2":{"start":{"line":40,"column":4},"end":{"line":40,"column":65}},"3":{"start":{"line":42,"column":18},"end":{"line":42,"column":59}},"4":{"start":{"line":44,"column":20},"end":{"line":44,"column":61}},"5":{"start":{"line":46,"column":38},"end":{"line":51,"column":3}},"6":{"start":{"line":54,"column":4},"end":{"line":55,"column":57}},"7":{"start":{"line":57,"column":37},"end":{"line":61,"column":3}},"8":{"start":{"line":63,"column":25},"end":{"line":63,"column":73}},"9":{"start":{"line":65,"column":2},"end":{"line":71,"column":4}}},"fnMap":{"0":{"name":"(anonymous_0)","decl":{"start":{"line":16,"column":33},"end":{"line":16,"column":34}},"loc":{"start":{"line":30,"column":6},"end":{"line":72,"column":1}},"line":30}},"branchMap":{"0":{"loc":{"start":{"line":32,"column":11},"end":{"line":32,"column":36}},"type":"binary-expr","locations":[{"start":{"line":32,"column":11},"end":{"line":32,"column":20}},{"start":{"line":32,"column":24},"end":{"line":32,"column":36}}],"line":32},"1":{"loc":{"start":{"line":33,"column":16},"end":{"line":33,"column":51}},"type":"binary-expr","locations":[{"start":{"line":33,"column":16},"end":{"line":33,"column":30}},{"start":{"line":33,"column":34},"end":{"line":33,"column":51}}],"line":33},"2":{"loc":{"start":{"line":34,"column":12},"end":{"line":34,"column":39}},"type":"binary-expr","locations":[{"start":{"line":34,"column":12},"end":{"line":34,"column":22}},{"start":{"line":34,"column":26},"end":{"line":34,"column":39}}],"line":34},"3":{"loc":{"start":{"line":35,"column":12},"end":{"line":35,"column":39}},"type":"binary-expr","locations":[{"start":{"line":35,"column":12},"end":{"line":35,"column":22}},{"start":{"line":35,"column":26},"end":{"line":35,"column":39}}],"line":35},"4":{"loc":{"start":{"line":36,"column":8},"end":{"line":36,"column":27}},"type":"binary-expr","locations":[{"start":{"line":36,"column":8},"end":{"line":36,"column":14}},{"start":{"line":36,"column":18},"end":{"line":36,"column":27}}],"line":36},"5":{"loc":{"start":{"line":37,"column":23},"end":{"line":37,"column":72}},"type":"binary-expr","locations":[{"start":{"line":37,"column":23},"end":{"line":37,"column":44}},{"start":{"line":37,"column":48},"end":{"line":37,"column":72}}],"line":37},"6":{"loc":{"start":{"line":40,"column":4},"end":{"line":40,"column":65}},"type":"binary-expr","locations":[{"start":{"line":40,"column":4},"end":{"line":40,"column":19}},{"start":{"line":40,"column":23},"end":{"line":40,"column":65}}],"line":40},"7":{"loc":{"start":{"line":42,"column":18},"end":{"line":42,"column":59}},"type":"binary-expr","locations":[{"start":{"line":42,"column":18},"end":{"line":42,"column":29}},{"start":{"line":42,"column":33},"end":{"line":42,"column":59}}],"line":42},"8":{"loc":{"start":{"line":44,"column":20},"end":{"line":44,"column":61}},"type":"binary-expr","locations":[{"start":{"line":44,"column":20},"end":{"line":44,"column":33}},{"start":{"line":44,"column":37},"end":{"line":44,"column":61}}],"line":44},"9":{"loc":{"start":{"line":47,"column":25},"end":{"line":47,"column":78}},"type":"binary-expr","locations":[{"start":{"line":47,"column":25},"end":{"line":47,"column":48}},{"start":{"line":47,"column":52},"end":{"line":47,"column":78}}],"line":47},"10":{"loc":{"start":{"line":49,"column":8},"end":{"line":49,"column":27}},"type":"binary-expr","locations":[{"start":{"line":49,"column":8},"end":{"line":49,"column":14}},{"start":{"line":49,"column":18},"end":{"line":49,"column":27}}],"line":49},"11":{"loc":{"start":{"line":50,"column":12},"end":{"line":50,"column":39}},"type":"binary-expr","locations":[{"start":{"line":50,"column":12},"end":{"line":50,"column":22}},{"start":{"line":50,"column":26},"end":{"line":50,"column":39}}],"line":50},"12":{"loc":{"start":{"line":54,"column":4},"end":{"line":55,"column":57}},"type":"binary-expr","locations":[{"start":{"line":54,"column":4},"end":{"line":54,"column":26}},{"start":{"line":55,"column":4},"end":{"line":55,"column":57}}],"line":54},"13":{"loc":{"start":{"line":59,"column":8},"end":{"line":59,"column":27}},"type":"binary-expr","locations":[{"start":{"line":59,"column":8},"end":{"line":59,"column":14}},{"start":{"line":59,"column":18},"end":{"line":59,"column":27}}],"line":59},"14":{"loc":{"start":{"line":60,"column":12},"end":{"line":60,"column":39}},"type":"binary-expr","locations":[{"start":{"line":60,"column":12},"end":{"line":60,"column":22}},{"start":{"line":60,"column":26},"end":{"line":60,"column":39}}],"line":60}},"s":{"0":3,"1":3,"2":3,"3":3,"4":3,"5":3,"6":3,"7":3,"8":3,"9":3},"f":{"0":3},"b":{"0":[3,3],"1":[3,3],"2":[3,3],"3":[3,3],"4":[3,3],"5":[3,3],"6":[3,3],"7":[3,3],"8":[3,2],"9":[3,2],"10":[3,1],"11":[3,0],"12":[3,1],"13":[3,1],"14":[3,0]},"inputSourceMap":null,"_coverageSchema":"1a1c01bbd47fc00a2c39e90264f33305004495a9","hash":"c7851f0387d19d47b8d3d9af12c2b3de6033b326"}
,"/home/gabriel/Documents/monzo-rules/test/mockWebhookRequest.js": {"path":"/home/gabriel/Documents/monzo-rules/test/mockWebhookRequest.js","statementMap":{"0":{"start":{"line":1,"column":27},"end":{"line":51,"column":1}}},"fnMap":{},"branchMap":{},"s":{"0":2},"f":{},"b":{},"inputSourceMap":null,"_coverageSchema":"1a1c01bbd47fc00a2c39e90264f33305004495a9","hash":"4cd8c9fa9a23fd19bb76e4c8f310ad06dd1923df"}
}
