TN:
SF:src/db/dbAdapter.js
FN:4,(anonymous_0)
FN:24,(anonymous_1)
FN:29,(anonymous_2)
FN:37,(anonymous_3)
FN:42,(anonymous_4)
FN:47,(anonymous_5)
FN:51,(anonymous_6)
FN:56,(anonymous_7)
FN:64,(anonymous_8)
FN:74,(anonymous_9)
FN:88,(anonymous_10)
FN:104,(anonymous_11)
FN:106,(anonymous_12)
FNF:13
FNH:2
FNDA:0,(anonymous_0)
FNDA:10,(anonymous_1)
FNDA:0,(anonymous_2)
FNDA:0,(anonymous_3)
FNDA:0,(anonymous_4)
FNDA:0,(anonymous_5)
FNDA:0,(anonymous_6)
FNDA:0,(anonymous_7)
FNDA:0,(anonymous_8)
FNDA:12,(anonymous_9)
FNDA:0,(anonymous_10)
FNDA:0,(anonymous_11)
FNDA:0,(anonymous_12)
DA:2,3
DA:4,3
DA:9,0
DA:10,0
DA:11,0
DA:12,0
DA:18,0
DA:20,0
DA:21,0
DA:24,3
DA:25,10
DA:26,10
DA:29,3
DA:30,0
DA:31,0
DA:32,0
DA:34,0
DA:37,3
DA:38,0
DA:39,0
DA:42,3
DA:43,0
DA:44,0
DA:47,3
DA:48,0
DA:51,3
DA:52,0
DA:53,0
DA:56,3
DA:57,0
DA:58,0
DA:61,0
DA:64,3
DA:65,0
DA:66,0
DA:74,3
DA:75,12
DA:76,12
DA:85,12
DA:88,3
DA:89,0
DA:90,0
DA:91,0
DA:92,0
DA:93,0
DA:94,0
DA:95,0
DA:96,0
DA:97,0
DA:99,0
DA:104,3
DA:105,0
DA:106,0
DA:107,0
DA:108,0
LF:55
LH:18
BRDA:11,0,0,0
BRDA:11,0,1,0
BRDA:31,1,0,0
BRDA:31,1,1,0
BRDA:91,2,0,0
BRDA:91,2,1,0
BRDA:91,3,0,0
BRDA:91,3,1,0
BRDA:94,4,0,0
BRDA:94,4,1,0
BRDA:96,5,0,0
BRDA:96,5,1,0
BRF:12
BRH:0
end_of_record
TN:
SF:src/db/relations.js
FNF:0
FNH:0
DA:6,3
DA:7,3
DA:8,3
DA:9,3
LF:4
LH:4
BRF:0
BRH:0
end_of_record
TN:
SF:src/db/sequelize.js
FNF:0
FNH:0
DA:4,3
DA:6,3
DA:8,3
LF:3
LH:3
BRF:0
BRH:0
end_of_record
TN:
SF:src/db/models/Macro.js
FNF:0
FNH:0
DA:4,3
DA:8,3
LF:2
LH:2
BRF:0
BRH:0
end_of_record
TN:
SF:src/db/models/Request.js
FNF:0
FNH:0
DA:4,3
DA:8,3
LF:2
LH:2
BRF:0
BRH:0
end_of_record
TN:
SF:src/db/models/Rule.js
FNF:0
FNH:0
DA:4,3
DA:8,3
LF:2
LH:2
BRF:0
BRH:0
end_of_record
TN:
SF:src/db/models/User.js
FNF:0
FNH:0
DA:4,3
DA:8,3
LF:2
LH:2
BRF:0
BRH:0
end_of_record
TN:
SF:src/errors/axiosErrors.js
FN:1,(anonymous_0)
FNF:1
FNH:0
FNDA:0,(anonymous_0)
DA:1,3
DA:2,0
DA:3,0
DA:4,0
DA:6,0
DA:7,0
DA:8,0
DA:9,0
DA:10,0
DA:12,0
DA:14,0
DA:16,0
LF:12
LH:1
BRDA:3,0,0,0
BRDA:3,0,1,0
BRDA:9,1,0,0
BRDA:9,1,1,0
BRF:4
BRH:0
end_of_record
TN:
SF:src/logging/colourLogger.js
FN:3,(anonymous_0)
FN:15,(anonymous_1)
FNF:2
FNH:0
FNDA:0,(anonymous_0)
FNDA:0,(anonymous_1)
DA:3,3
DA:4,0
DA:5,0
DA:7,0
DA:8,0
DA:9,0
DA:11,0
DA:12,0
DA:15,3
DA:16,0
DA:17,0
DA:18,0
DA:19,0
DA:21,0
DA:22,0
DA:23,0
DA:24,0
DA:26,0
LF:18
LH:2
BRDA:4,0,0,0
BRDA:4,0,1,0
BRDA:7,1,0,0
BRDA:7,1,1,0
BRF:4
BRH:0
end_of_record
TN:
SF:src/monzo/monzoApiAdapter.js
FN:1,(anonymous_0)
FN:7,(anonymous_1)
FN:13,(anonymous_2)
FN:28,(anonymous_3)
FN:37,(anonymous_4)
FN:46,(anonymous_5)
FN:52,(anonymous_6)
FN:60,(anonymous_7)
FN:68,(anonymous_8)
FN:70,(anonymous_9)
FN:73,(anonymous_10)
FN:82,(anonymous_11)
FN:87,(anonymous_12)
FN:100,(anonymous_13)
FN:113,(anonymous_14)
FN:127,(anonymous_15)
FNF:16
FNH:1
FNDA:3,(anonymous_0)
FNDA:0,(anonymous_1)
FNDA:0,(anonymous_2)
FNDA:0,(anonymous_3)
FNDA:0,(anonymous_4)
FNDA:0,(anonymous_5)
FNDA:0,(anonymous_6)
FNDA:0,(anonymous_7)
FNDA:0,(anonymous_8)
FNDA:0,(anonymous_9)
FNDA:0,(anonymous_10)
FNDA:0,(anonymous_11)
FNDA:0,(anonymous_12)
FNDA:0,(anonymous_13)
FNDA:0,(anonymous_14)
FNDA:0,(anonymous_15)
DA:1,3
DA:7,3
DA:8,0
DA:9,0
DA:10,0
DA:11,0
DA:14,0
DA:17,0
DA:19,0
DA:23,0
DA:24,0
DA:25,0
DA:28,3
DA:29,0
DA:30,0
DA:33,0
DA:34,0
DA:37,3
DA:38,0
DA:39,0
DA:40,0
DA:41,0
DA:42,0
DA:46,3
DA:47,0
DA:48,0
DA:49,0
DA:52,3
DA:53,0
DA:54,0
DA:57,0
DA:60,3
DA:61,0
DA:62,0
DA:65,0
DA:68,3
DA:69,0
DA:70,0
DA:73,3
DA:74,0
DA:75,0
DA:76,0
DA:78,0
DA:79,0
DA:82,3
DA:83,0
DA:84,0
DA:87,3
DA:88,0
DA:89,0
DA:90,0
DA:96,0
DA:97,0
DA:100,3
DA:101,0
DA:102,0
DA:103,0
DA:109,0
DA:110,0
DA:113,3
DA:114,0
DA:115,0
DA:116,0
DA:117,0
DA:124,0
DA:127,3
DA:133,0
DA:142,0
DA:143,0
DA:146,3
LF:70
LH:15
BRDA:11,0,0,0
BRDA:11,0,1,0
BRDA:14,1,0,0
BRDA:14,1,1,0
BRDA:74,2,0,0
BRDA:74,2,1,0
BRDA:89,3,0,0
BRDA:89,3,1,0
BRDA:102,4,0,0
BRDA:102,4,1,0
BRDA:114,5,0,0
BRDA:114,5,1,0
BRDA:115,6,0,0
BRDA:115,6,1,0
BRDA:131,7,0,0
BRF:15
BRH:0
end_of_record
TN:
SF:src/useCases/handleWebhook/webhookHandler.js
FN:1,(anonymous_0)
FN:2,(anonymous_1)
FN:7,(anonymous_2)
FN:12,(anonymous_3)
FN:18,(anonymous_4)
FN:26,(anonymous_5)
FNF:6
FNH:6
FNDA:3,(anonymous_0)
FNDA:22,(anonymous_1)
FNDA:14,(anonymous_2)
FNDA:22,(anonymous_3)
FNDA:22,(anonymous_4)
FNDA:22,(anonymous_5)
DA:1,3
DA:2,3
DA:3,22
DA:4,22
DA:7,3
DA:8,14
DA:9,14
DA:12,3
DA:13,22
DA:14,22
DA:15,22
DA:18,3
DA:19,22
DA:20,22
DA:26,3
DA:27,22
DA:28,22
DA:29,22
DA:30,22
DA:31,14
DA:33,22
DA:36,3
LF:22
LH:22
BRDA:21,0,0,14
BRDA:21,0,1,8
BRDA:30,1,0,14
BRDA:30,1,1,8
BRF:4
BRH:4
end_of_record
TN:
SF:src/useCases/handleWebhook/processTransaction/filterEvaluatingFunctions.js
FN:1,(anonymous_0)
FN:9,(anonymous_1)
FN:26,(anonymous_2)
FN:33,(anonymous_3)
FN:41,(anonymous_4)
FN:48,(anonymous_5)
FN:57,(anonymous_6)
FN:70,(anonymous_7)
FNF:8
FNH:0
FNDA:0,(anonymous_0)
FNDA:0,(anonymous_1)
FNDA:0,(anonymous_2)
FNDA:0,(anonymous_3)
FNDA:0,(anonymous_4)
FNDA:0,(anonymous_5)
FNDA:0,(anonymous_6)
FNDA:0,(anonymous_7)
DA:1,3
DA:2,0
DA:3,0
DA:4,0
DA:5,0
DA:6,0
DA:9,3
DA:10,0
DA:11,0
DA:12,0
DA:14,0
DA:16,0
DA:18,0
DA:20,0
DA:22,0
DA:26,3
DA:27,0
DA:28,0
DA:29,0
DA:30,0
DA:33,3
DA:34,0
DA:35,0
DA:36,0
DA:38,0
DA:41,3
DA:42,0
DA:43,0
DA:45,0
DA:46,0
DA:47,0
DA:48,0
DA:49,0
DA:52,0
DA:54,0
DA:57,3
DA:58,0
DA:59,0
DA:64,0
DA:70,3
DA:71,0
DA:80,3
LF:42
LH:8
BRDA:12,0,0,0
BRDA:12,0,1,0
BRDA:12,0,2,0
BRDA:12,0,3,0
BRDA:12,0,4,0
BRDA:35,1,0,0
BRDA:35,1,1,0
BRDA:42,2,0,0
BRDA:42,2,1,0
BRDA:58,3,0,0
BRDA:58,3,1,0
BRDA:73,4,0,0
BRDA:73,4,1,0
BRF:13
BRH:0
end_of_record
TN:
SF:src/useCases/handleWebhook/processTransaction/processTransaction.js
FN:1,(anonymous_0)
FN:7,(anonymous_1)
FN:12,(anonymous_2)
FN:15,(anonymous_3)
FN:25,(anonymous_4)
FN:32,(anonymous_5)
FN:39,(anonymous_6)
FN:39,(anonymous_7)
FN:45,(anonymous_8)
FN:46,(anonymous_9)
FNF:10
FNH:10
FNDA:1,(anonymous_0)
FNDA:16,(anonymous_1)
FNDA:16,(anonymous_2)
FNDA:1,(anonymous_3)
FNDA:7,(anonymous_4)
FNDA:18,(anonymous_5)
FNDA:18,(anonymous_6)
FNDA:34,(anonymous_7)
FNDA:18,(anonymous_8)
FNDA:23,(anonymous_9)
DA:1,3
DA:7,1
DA:8,16
DA:9,16
DA:12,1
DA:13,16
DA:14,18
DA:15,1
DA:17,18
DA:18,11
DA:20,7
DA:21,7
DA:25,1
DA:26,7
DA:32,1
DA:33,18
DA:34,18
DA:35,18
DA:36,17
DA:39,18
DA:40,34
DA:41,34
DA:42,33
DA:45,1
DA:46,23
DA:47,18
DA:48,15
DA:52,1
LF:28
LH:28
BRDA:17,0,0,11
BRDA:17,0,1,7
BRDA:47,1,0,15
BRDA:47,1,1,3
BRF:4
BRH:4
end_of_record
TN:
SF:src/useCases/handleWebhook/processTransaction/runMacros/runMacros.js
FN:1,(anonymous_0)
FN:2,(anonymous_1)
FN:12,(anonymous_2)
FN:26,(anonymous_3)
FNF:4
FNH:1
FNDA:2,(anonymous_0)
FNDA:0,(anonymous_1)
FNDA:0,(anonymous_2)
FNDA:0,(anonymous_3)
DA:1,3
DA:2,2
DA:3,0
DA:4,0
DA:6,0
DA:7,0
DA:8,0
DA:12,2
DA:13,0
DA:14,0
DA:16,0
DA:17,0
DA:23,0
DA:26,2
DA:27,0
DA:28,0
DA:29,0
DA:30,0
DA:31,0
DA:33,0
DA:37,2
LF:21
LH:5
BRDA:3,0,0,0
BRDA:3,0,1,0
BRDA:3,1,0,0
BRDA:3,1,1,0
BRDA:13,2,0,0
BRDA:13,2,1,0
BRDA:13,3,0,0
BRDA:13,3,1,0
BRDA:30,4,0,0
BRDA:30,4,1,0
BRF:10
BRH:0
end_of_record
TN:
SF:src/useCases/handleWebhook/processTransaction/runMacros/taskWorkers.js
FN:1,(anonymous_0)
FN:2,(anonymous_1)
FN:9,(anonymous_2)
FN:24,(anonymous_3)
FN:39,(anonymous_4)
FN:45,(anonymous_5)
FN:47,(anonymous_6)
FN:54,(anonymous_7)
FN:57,(anonymous_8)
FN:61,(anonymous_9)
FNF:10
FNH:1
FNDA:3,(anonymous_0)
FNDA:0,(anonymous_1)
FNDA:0,(anonymous_2)
FNDA:0,(anonymous_3)
FNDA:0,(anonymous_4)
FNDA:0,(anonymous_5)
FNDA:0,(anonymous_6)
FNDA:0,(anonymous_7)
FNDA:0,(anonymous_8)
FNDA:0,(anonymous_9)
DA:1,3
DA:2,3
DA:3,0
DA:4,0
DA:5,0
DA:6,0
DA:9,3
DA:10,0
DA:11,0
DA:12,0
DA:13,0
DA:15,0
DA:21,0
DA:24,3
DA:25,0
DA:26,0
DA:27,0
DA:28,0
DA:30,0
DA:36,0
DA:39,3
DA:40,0
DA:41,0
DA:42,0
DA:45,3
DA:46,0
DA:47,0
DA:48,0
DA:50,0
DA:51,0
DA:54,3
DA:55,0
DA:57,0
DA:59,0
DA:61,0
DA:63,0
DA:67,3
LF:37
LH:8
BRDA:11,0,0,0
BRDA:11,0,1,0
BRDA:12,1,0,0
BRDA:12,1,1,0
BRDA:26,2,0,0
BRDA:26,2,1,0
BRDA:27,3,0,0
BRDA:27,3,1,0
BRDA:48,4,0,0
BRDA:48,4,1,0
BRDA:55,5,0,0
BRDA:55,5,1,0
BRDA:55,5,2,0
BRDA:55,5,3,0
BRF:14
BRH:0
end_of_record
TN:
SF:test/mockTransaction.js
FNF:0
FNH:0
DA:1,1
LF:1
LH:1
BRF:0
BRH:0
end_of_record
TN:
SF:test/mockWebhookComposer.js
FN:16,(anonymous_0)
FNF:1
FNH:1
FNDA:3,(anonymous_0)
DA:16,3
DA:31,3
DA:40,3
DA:42,3
DA:44,3
DA:46,3
DA:54,3
DA:57,3
DA:63,3
DA:65,3
LF:10
LH:10
BRDA:32,0,0,3
BRDA:32,0,1,3
BRDA:33,1,0,3
BRDA:33,1,1,3
BRDA:34,2,0,3
BRDA:34,2,1,3
BRDA:35,3,0,3
BRDA:35,3,1,3
BRDA:36,4,0,3
BRDA:36,4,1,3
BRDA:37,5,0,3
BRDA:37,5,1,3
BRDA:40,6,0,3
BRDA:40,6,1,3
BRDA:42,7,0,3
BRDA:42,7,1,3
BRDA:44,8,0,3
BRDA:44,8,1,2
BRDA:47,9,0,3
BRDA:47,9,1,2
BRDA:49,10,0,3
BRDA:49,10,1,1
BRDA:50,11,0,3
BRDA:50,11,1,0
BRDA:54,12,0,3
BRDA:54,12,1,1
BRDA:59,13,0,3
BRDA:59,13,1,1
BRDA:60,14,0,3
BRDA:60,14,1,0
BRF:30
BRH:28
end_of_record
TN:
SF:test/mockWebhookRequest.js
FNF:0
FNH:0
DA:1,2
LF:1
LH:1
BRF:0
BRH:0
end_of_record
